Using pre-set license
Built from '2020.2/release' branch; Version is '2020.2.4f1 (becced5a802b) revision 12504301'; Using compiler version '192528614'; Build Type 'Release'
OS: 'Windows 10 Home; OS build 19042.1348; Version 2009; 64bit' Language: 'en' Physical Memory: 8108 MB
BatchMode: 1, IsHumanControllingUs: 0, StartBugReporterOnCrash: 0, Is64bit: 1, IsPro: 0

 COMMAND LINE ARGUMENTS:
C:\Program Files\Unity\Hub\Editor\2020.2.4f1\Editor\Unity.exe
-adb2
-batchMode
-noUpm
-name
AssetImportWorker2
-projectPath
D:/Eleds/GitHub/PrototipoCombtxTurnos
-logFile
Logs/AssetImportWorker2.log
-srvPort
61929
Successfully changed project path to: D:/Eleds/GitHub/PrototipoCombtxTurnos
D:/Eleds/GitHub/PrototipoCombtxTurnos
Using Asset Import Pipeline V2.
Refreshing native plugins compatible for Editor in 86.13 ms, found 1 plugins.
Preloading 0 native plugins for Editor in 0.00 ms.
Initialize engine version: 2020.2.4f1 (becced5a802b)
[Subsystems] Discovering subsystems at path C:/Program Files/Unity/Hub/Editor/2020.2.4f1/Editor/Data/Resources/UnitySubsystems
[Subsystems] Discovering subsystems at path D:/Eleds/GitHub/PrototipoCombtxTurnos/Assets
GfxDevice: creating device client; threaded=0
Direct3D:
    Version:  Direct3D 11.0 [level 11.1]
    Renderer: NVIDIA GeForce GTX 1660 (ID=0x2184)
    Vendor:   
    VRAM:     5991 MB
    Driver:   27.21.14.5671
Initialize mono
Mono path[0] = 'C:/Program Files/Unity/Hub/Editor/2020.2.4f1/Editor/Data/Managed'
Mono path[1] = 'C:/Program Files/Unity/Hub/Editor/2020.2.4f1/Editor/Data/MonoBleedingEdge/lib/mono/unityjit'
Mono config path = 'C:/Program Files/Unity/Hub/Editor/2020.2.4f1/Editor/Data/MonoBleedingEdge/etc'
Using monoOptions --debugger-agent=transport=dt_socket,embedding=1,server=y,suspend=n,address=127.0.0.1:56796
Begin MonoManager ReloadAssembly
Registering precompiled unity dll's ...
Register platform support module: C:/Program Files/Unity/Hub/Editor/2020.2.4f1/Editor/Data/PlaybackEngines/WindowsStandaloneSupport/UnityEditor.WindowsStandalone.Extensions.dll
Registered in 0.006267 seconds.
Native extension for WindowsStandalone target not found
Refreshing native plugins compatible for Editor in 38.20 ms, found 1 plugins.
Preloading 0 native plugins for Editor in 0.00 ms.
Invoked RoslynAnalysisRunner static constructor.
RoslynAnalysisRunner will not be running.
RoslynAnalysisRunner has terminated.
Mono: successfully reloaded assembly
- Completed reload, in 12.405 seconds
Platform modules already initialized, skipping
Registering precompiled user dll's ...
Registered in 0.011345 seconds.
Begin MonoManager ReloadAssembly
Native extension for WindowsStandalone target not found
Refreshing native plugins compatible for Editor in 40.24 ms, found 1 plugins.
Preloading 0 native plugins for Editor in 0.00 ms.
Invoked RoslynAnalysisRunner static constructor.
RoslynAnalysisRunner will not be running.
RoslynAnalysisRunner has terminated.
Mono: successfully reloaded assembly
- Completed reload, in  1.323 seconds
Platform modules already initialized, skipping
========================================================================
Worker process is ready to serve import requests
Launched and connected shader compiler UnityShaderCompiler.exe after 0.07 seconds
Refreshing native plugins compatible for Editor in 0.43 ms, found 1 plugins.
Preloading 0 native plugins for Editor in 0.00 ms.
Unloading 2131 Unused Serialized files (Serialized files now loaded: 0)
System memory in use before: 96.4 MB.
System memory in use after: 96.4 MB.

Unloading 23 unused Assets to reduce memory usage. Loaded Objects now: 2574.
Total: 2.416700 ms (FindLiveObjects: 0.392000 ms CreateObjectMapping: 0.177700 ms MarkObjects: 1.710200 ms  DeleteObjects: 0.135500 ms)

========================================================================
Received Import Request.
  path: Assets/ScriptableObjects/BotasconAlas.asset
  artifactKey: Guid(23e388cd47671e246830f09b5d4dae2e) Importer(815301076,1909f56bfc062723c751e8b465ee728b)
Start importing Assets/ScriptableObjects/BotasconAlas.asset using Guid(23e388cd47671e246830f09b5d4dae2e) Importer(815301076,1909f56bfc062723c751e8b465ee728b)  -> (artifact id: 'e6cbed80b55fc48e9db5ec5897e6bf91') in 0.075018 seconds
  Import took 0.102673 seconds .

========================================================================
Received Import Request.
  Time since last request: 0.000239 seconds.
  path: Assets/ScriptableObjects/LibroHechizos.asset
  artifactKey: Guid(90b09a5f14da8b04981f623e7d72a226) Importer(815301076,1909f56bfc062723c751e8b465ee728b)
Start importing Assets/ScriptableObjects/LibroHechizos.asset using Guid(90b09a5f14da8b04981f623e7d72a226) Importer(815301076,1909f56bfc062723c751e8b465ee728b)  -> (artifact id: '89016694ff0487662f53faa3edafc28b') in 0.020284 seconds
  Import took 0.040971 seconds .

========================================================================
Received Import Request.
  Time since last request: 0.000317 seconds.
  path: Assets/ScriptableObjects/Casco Protector.asset
  artifactKey: Guid(eb76156fc7e3039448317d498050fc5c) Importer(815301076,1909f56bfc062723c751e8b465ee728b)
Start importing Assets/ScriptableObjects/Casco Protector.asset using Guid(eb76156fc7e3039448317d498050fc5c) Importer(815301076,1909f56bfc062723c751e8b465ee728b)  -> (artifact id: '6cb224b0f9e5ea699dae70892ca36bbb') in 0.017400 seconds
  Import took 0.035230 seconds .

========================================================================
Received Import Request.
  Time since last request: 0.000285 seconds.
  path: Assets/ScriptableObjects/Escudo.asset
  artifactKey: Guid(84df4614014fe374392f46eb8fa2d353) Importer(815301076,1909f56bfc062723c751e8b465ee728b)
Start importing Assets/ScriptableObjects/Escudo.asset using Guid(84df4614014fe374392f46eb8fa2d353) Importer(815301076,1909f56bfc062723c751e8b465ee728b)  -> (artifact id: 'd320828f045b6e508b3a69c87e78080b') in 0.024681 seconds
  Import took 0.035575 seconds .

========================================================================
Received Import Request.
  Time since last request: 0.000273 seconds.
  path: Assets/ScriptableObjects/Florete.asset
  artifactKey: Guid(8d53b8e31ae0b444984352ac473e962a) Importer(815301076,1909f56bfc062723c751e8b465ee728b)
Start importing Assets/ScriptableObjects/Florete.asset using Guid(8d53b8e31ae0b444984352ac473e962a) Importer(815301076,1909f56bfc062723c751e8b465ee728b)  -> (artifact id: 'e6b44eea88486d90565d73d7fcd8cb3c') in 0.017558 seconds
  Import took 0.020720 seconds .

========================================================================
Received Import Request.
  Time since last request: 0.000310 seconds.
  path: Assets/ScriptableObjects/EscudoGusaung.asset
  artifactKey: Guid(ee7e8cb4034708a4ca4e34cbb4bb4ad0) Importer(815301076,1909f56bfc062723c751e8b465ee728b)
Start importing Assets/ScriptableObjects/EscudoGusaung.asset using Guid(ee7e8cb4034708a4ca4e34cbb4bb4ad0) Importer(815301076,1909f56bfc062723c751e8b465ee728b)  -> (artifact id: 'cb5c8628a19c6d69bd15d5d8380ab522') in 0.004021 seconds
  Import took 0.015542 seconds .

========================================================================
Received Import Request.
  Time since last request: 0.000331 seconds.
  path: Assets/ScriptableObjects/EspadaNovato.asset
  artifactKey: Guid(d916ba39f0052374181b268c0fd1265c) Importer(815301076,1909f56bfc062723c751e8b465ee728b)
Start importing Assets/ScriptableObjects/EspadaNovato.asset using Guid(d916ba39f0052374181b268c0fd1265c) Importer(815301076,1909f56bfc062723c751e8b465ee728b)  -> (artifact id: 'eee219c776056df568e6c5f3532de2a7') in 0.019890 seconds
  Import took 0.023064 seconds .

========================================================================
Received Prepare
Registering precompiled user dll's ...
Registered in 0.009360 seconds.
Begin MonoManager ReloadAssembly
Native extension for WindowsStandalone target not found
Refreshing native plugins compatible for Editor in 0.67 ms, found 1 plugins.
Preloading 0 native plugins for Editor in 0.00 ms.
Invoked RoslynAnalysisRunner static constructor.
RoslynAnalysisRunner will not be running.
RoslynAnalysisRunner has terminated.
Mono: successfully reloaded assembly
- Completed reload, in  1.060 seconds
Platform modules already initialized, skipping
Refreshing native plugins compatible for Editor in 0.52 ms, found 1 plugins.
Preloading 0 native plugins for Editor in 0.00 ms.
Unloading 2123 Unused Serialized files (Serialized files now loaded: 0)
System memory in use before: 96.3 MB.
System memory in use after: 96.3 MB.

Unloading 10 unused Assets to reduce memory usage. Loaded Objects now: 2576.
Total: 2.726400 ms (FindLiveObjects: 0.232400 ms CreateObjectMapping: 0.097300 ms MarkObjects: 2.309100 ms  DeleteObjects: 0.086100 ms)

========================================================================
Received Prepare
Registering precompiled user dll's ...
Registered in 0.001208 seconds.
Begin MonoManager ReloadAssembly
Native extension for WindowsStandalone target not found
Refreshing native plugins compatible for Editor in 0.40 ms, found 1 plugins.
Preloading 0 native plugins for Editor in 0.00 ms.
Invoked RoslynAnalysisRunner static constructor.
RoslynAnalysisRunner will not be running.
RoslynAnalysisRunner has terminated.
Mono: successfully reloaded assembly
- Completed reload, in  0.856 seconds
Platform modules already initialized, skipping
Refreshing native plugins compatible for Editor in 0.42 ms, found 1 plugins.
Preloading 0 native plugins for Editor in 0.00 ms.
Unloading 2123 Unused Serialized files (Serialized files now loaded: 0)
System memory in use before: 96.3 MB.
System memory in use after: 96.4 MB.

Unloading 10 unused Assets to reduce memory usage. Loaded Objects now: 2578.
Total: 2.634100 ms (FindLiveObjects: 0.328700 ms CreateObjectMapping: 0.115800 ms MarkObjects: 2.067900 ms  DeleteObjects: 0.120000 ms)

========================================================================
Received Import Request.
  Time since last request: 152.324129 seconds.
  path: Assets/Scenes/PrototipoCombate 1.unity
  artifactKey: Guid(f7efe7353bbd0d440bba144a03eeb976) Importer(815301076,1909f56bfc062723c751e8b465ee728b)
Start importing Assets/Scenes/PrototipoCombate 1.unity using Guid(f7efe7353bbd0d440bba144a03eeb976) Importer(815301076,1909f56bfc062723c751e8b465ee728b)  -> (artifact id: '79587727b82e1ea13c3bf54e2c42c34d') in 0.040470 seconds
  Import took 0.091774 seconds .

========================================================================
Received Prepare
Registering precompiled user dll's ...
Registered in 0.001277 seconds.
Begin MonoManager ReloadAssembly
Native extension for WindowsStandalone target not found
Refreshing native plugins compatible for Editor in 0.42 ms, found 1 plugins.
Preloading 0 native plugins for Editor in 0.00 ms.
Invoked RoslynAnalysisRunner static constructor.
RoslynAnalysisRunner will not be running.
RoslynAnalysisRunner has terminated.
Mono: successfully reloaded assembly
- Completed reload, in  0.837 seconds
Platform modules already initialized, skipping
Refreshing native plugins compatible for Editor in 0.42 ms, found 1 plugins.
Preloading 0 native plugins for Editor in 0.00 ms.
Unloading 2123 Unused Serialized files (Serialized files now loaded: 0)
System memory in use before: 96.4 MB.
System memory in use after: 96.4 MB.

Unloading 10 unused Assets to reduce memory usage. Loaded Objects now: 2580.
Total: 2.201200 ms (FindLiveObjects: 0.225900 ms CreateObjectMapping: 0.077000 ms MarkObjects: 1.788800 ms  DeleteObjects: 0.108500 ms)

========================================================================
Received Prepare
Registering precompiled user dll's ...
Registered in 0.001147 seconds.
Begin MonoManager ReloadAssembly
Native extension for WindowsStandalone target not found
Refreshing native plugins compatible for Editor in 0.42 ms, found 1 plugins.
Preloading 0 native plugins for Editor in 0.00 ms.
Invoked RoslynAnalysisRunner static constructor.
RoslynAnalysisRunner will not be running.
RoslynAnalysisRunner has terminated.
Mono: successfully reloaded assembly
- Completed reload, in  0.820 seconds
Platform modules already initialized, skipping
Refreshing native plugins compatible for Editor in 0.54 ms, found 1 plugins.
Preloading 0 native plugins for Editor in 0.00 ms.
Unloading 2123 Unused Serialized files (Serialized files now loaded: 0)
System memory in use before: 96.4 MB.
System memory in use after: 96.4 MB.

Unloading 10 unused Assets to reduce memory usage. Loaded Objects now: 2582.
Total: 2.604100 ms (FindLiveObjects: 0.430800 ms CreateObjectMapping: 0.138000 ms MarkObjects: 1.946000 ms  DeleteObjects: 0.087000 ms)

========================================================================
Received Prepare
Registering precompiled user dll's ...
Registered in 0.001389 seconds.
Begin MonoManager ReloadAssembly
Native extension for WindowsStandalone target not found
Refreshing native plugins compatible for Editor in 0.44 ms, found 1 plugins.
Preloading 0 native plugins for Editor in 0.00 ms.
Invoked RoslynAnalysisRunner static constructor.
RoslynAnalysisRunner will not be running.
RoslynAnalysisRunner has terminated.
Mono: successfully reloaded assembly
- Completed reload, in  0.823 seconds
Platform modules already initialized, skipping
Refreshing native plugins compatible for Editor in 0.42 ms, found 1 plugins.
Preloading 0 native plugins for Editor in 0.00 ms.
Unloading 2123 Unused Serialized files (Serialized files now loaded: 0)
System memory in use before: 96.4 MB.
System memory in use after: 96.4 MB.

Unloading 10 unused Assets to reduce memory usage. Loaded Objects now: 2584.
Total: 2.206100 ms (FindLiveObjects: 0.232700 ms CreateObjectMapping: 0.113700 ms MarkObjects: 1.773200 ms  DeleteObjects: 0.085600 ms)

========================================================================
Received Prepare
Registering precompiled user dll's ...
Registered in 0.001156 seconds.
Begin MonoManager ReloadAssembly
Native extension for WindowsStandalone target not found
Refreshing native plugins compatible for Editor in 0.50 ms, found 1 plugins.
Preloading 0 native plugins for Editor in 0.00 ms.
Invoked RoslynAnalysisRunner static constructor.
RoslynAnalysisRunner will not be running.
RoslynAnalysisRunner has terminated.
Mono: successfully reloaded assembly
- Completed reload, in  0.866 seconds
Platform modules already initialized, skipping
Refreshing native plugins compatible for Editor in 0.42 ms, found 1 plugins.
Preloading 0 native plugins for Editor in 0.00 ms.
Unloading 2123 Unused Serialized files (Serialized files now loaded: 0)
System memory in use before: 96.4 MB.
System memory in use after: 96.4 MB.

Unloading 10 unused Assets to reduce memory usage. Loaded Objects now: 2586.
Total: 2.703300 ms (FindLiveObjects: 0.216600 ms CreateObjectMapping: 0.107600 ms MarkObjects: 2.289400 ms  DeleteObjects: 0.088400 ms)

========================================================================
Received Prepare
Registering precompiled user dll's ...
Registered in 0.001171 seconds.
Begin MonoManager ReloadAssembly
Native extension for WindowsStandalone target not found
Refreshing native plugins compatible for Editor in 0.41 ms, found 1 plugins.
Preloading 0 native plugins for Editor in 0.00 ms.
Invoked RoslynAnalysisRunner static constructor.
RoslynAnalysisRunner will not be running.
RoslynAnalysisRunner has terminated.
Mono: successfully reloaded assembly
- Completed reload, in  0.846 seconds
Platform modules already initialized, skipping
Refreshing native plugins compatible for Editor in 0.54 ms, found 1 plugins.
Preloading 0 native plugins for Editor in 0.00 ms.
Unloading 2123 Unused Serialized files (Serialized files now loaded: 0)
System memory in use before: 96.4 MB.
System memory in use after: 96.4 MB.

Unloading 10 unused Assets to reduce memory usage. Loaded Objects now: 2588.
Total: 2.797500 ms (FindLiveObjects: 0.303200 ms CreateObjectMapping: 0.136500 ms MarkObjects: 2.223800 ms  DeleteObjects: 0.132800 ms)

========================================================================
Received Import Request.
  Time since last request: 195.788396 seconds.
  path: Assets/Scenes/Mundo 1.unity
  artifactKey: Guid(21d2093ef01403942ad2c391b41e5a7d) Importer(815301076,1909f56bfc062723c751e8b465ee728b)
Start importing Assets/Scenes/Mundo 1.unity using Guid(21d2093ef01403942ad2c391b41e5a7d) Importer(815301076,1909f56bfc062723c751e8b465ee728b)  -> (artifact id: '1a8bff3d190a86524f9b4164c393fc15') in 0.011515 seconds
  Import took 0.030489 seconds .

========================================================================
Received Import Request.
  Time since last request: 87.133217 seconds.
  path: Assets/Scenes/PrototipoCombate 1.unity
  artifactKey: Guid(f7efe7353bbd0d440bba144a03eeb976) Importer(815301076,1909f56bfc062723c751e8b465ee728b)
Start importing Assets/Scenes/PrototipoCombate 1.unity using Guid(f7efe7353bbd0d440bba144a03eeb976) Importer(815301076,1909f56bfc062723c751e8b465ee728b)  -> (artifact id: 'a25953bcacbe8e3f728cbf696ee1ac7f') in 0.003099 seconds
  Import took 0.035028 seconds .

========================================================================
Received Prepare
Registering precompiled user dll's ...
Registered in 0.001349 seconds.
Begin MonoManager ReloadAssembly
Native extension for WindowsStandalone target not found
Refreshing native plugins compatible for Editor in 0.41 ms, found 1 plugins.
Preloading 0 native plugins for Editor in 0.00 ms.
Invoked RoslynAnalysisRunner static constructor.
RoslynAnalysisRunner will not be running.
RoslynAnalysisRunner has terminated.
Mono: successfully reloaded assembly
- Completed reload, in  0.791 seconds
Platform modules already initialized, skipping
Refreshing native plugins compatible for Editor in 0.42 ms, found 1 plugins.
Preloading 0 native plugins for Editor in 0.00 ms.
Unloading 2123 Unused Serialized files (Serialized files now loaded: 0)
System memory in use before: 96.4 MB.
System memory in use after: 96.5 MB.

Unloading 10 unused Assets to reduce memory usage. Loaded Objects now: 2590.
Total: 2.157900 ms (FindLiveObjects: 0.271600 ms CreateObjectMapping: 0.080900 ms MarkObjects: 1.690100 ms  DeleteObjects: 0.114500 ms)

========================================================================
Received Import Request.
  Time since last request: 60.627826 seconds.
  path: Assets/ScriptsGuardado
  artifactKey: Guid(518c805e3a435a3459f1822dfdb3bcc5) Importer(815301076,1909f56bfc062723c751e8b465ee728b)
Start importing Assets/ScriptsGuardado using Guid(518c805e3a435a3459f1822dfdb3bcc5) Importer(815301076,1909f56bfc062723c751e8b465ee728b)  -> (artifact id: '5b0900bb829bb442f3ce17b315664e9d') in 0.005913 seconds
  Import took 0.021821 seconds .

========================================================================
Received Import Request.
  Time since last request: 58.605431 seconds.
  path: Assets/ScriptsGuardado/FileReadWrite.cs
  artifactKey: Guid(d7955cc2c46a81b40a8745d6c0db7693) Importer(815301076,1909f56bfc062723c751e8b465ee728b)
Start importing Assets/ScriptsGuardado/FileReadWrite.cs using Guid(d7955cc2c46a81b40a8745d6c0db7693) Importer(815301076,1909f56bfc062723c751e8b465ee728b)  -> (artifact id: '771cebb0cdd2bdd59638900f89309939') in 0.012089 seconds
  Import took 0.030883 seconds .

========================================================================
Received Prepare
Registering precompiled user dll's ...
Registered in 0.001217 seconds.
Begin MonoManager ReloadAssembly
Native extension for WindowsStandalone target not found
Refreshing native plugins compatible for Editor in 0.40 ms, found 1 plugins.
Preloading 0 native plugins for Editor in 0.00 ms.
Invoked RoslynAnalysisRunner static constructor.
RoslynAnalysisRunner will not be running.
RoslynAnalysisRunner has terminated.
Mono: successfully reloaded assembly
- Completed reload, in  0.820 seconds
Platform modules already initialized, skipping
Refreshing native plugins compatible for Editor in 0.48 ms, found 1 plugins.
Preloading 0 native plugins for Editor in 0.00 ms.
Unloading 2124 Unused Serialized files (Serialized files now loaded: 0)
System memory in use before: 96.5 MB.
System memory in use after: 96.5 MB.

Unloading 10 unused Assets to reduce memory usage. Loaded Objects now: 2593.
Total: 2.486800 ms (FindLiveObjects: 0.350300 ms CreateObjectMapping: 0.108600 ms MarkObjects: 1.935100 ms  DeleteObjects: 0.090100 ms)

========================================================================
Received Import Request.
  Time since last request: 340.665986 seconds.
  path: Assets/ScriptsGuardado/DatosGuardadoObjetos.cs
  artifactKey: Guid(ead5621a42238e44cae0db24be3077a7) Importer(815301076,1909f56bfc062723c751e8b465ee728b)
Start importing Assets/ScriptsGuardado/DatosGuardadoObjetos.cs using Guid(ead5621a42238e44cae0db24be3077a7) Importer(815301076,1909f56bfc062723c751e8b465ee728b)  -> (artifact id: 'c51e9a015a79bd56192446657a5b1ea0') in 0.014322 seconds
  Import took 0.036591 seconds .

========================================================================
Received Prepare
Registering precompiled user dll's ...
Registered in 0.013235 seconds.
Begin MonoManager ReloadAssembly
Native extension for WindowsStandalone target not found
Refreshing native plugins compatible for Editor in 0.43 ms, found 1 plugins.
Preloading 0 native plugins for Editor in 0.00 ms.
Invoked RoslynAnalysisRunner static constructor.
RoslynAnalysisRunner will not be running.
RoslynAnalysisRunner has terminated.
Mono: successfully reloaded assembly
- Completed reload, in  0.866 seconds
Platform modules already initialized, skipping
Refreshing native plugins compatible for Editor in 0.43 ms, found 1 plugins.
Preloading 0 native plugins for Editor in 0.00 ms.
Unloading 2125 Unused Serialized files (Serialized files now loaded: 0)
System memory in use before: 96.5 MB.
System memory in use after: 96.5 MB.

Unloading 10 unused Assets to reduce memory usage. Loaded Objects now: 2596.
Total: 2.096000 ms (FindLiveObjects: 0.215600 ms CreateObjectMapping: 0.078900 ms MarkObjects: 1.718100 ms  DeleteObjects: 0.082200 ms)

========================================================================
Received Prepare
Registering precompiled user dll's ...
Registered in 0.001129 seconds.
Begin MonoManager ReloadAssembly
Native extension for WindowsStandalone target not found
Refreshing native plugins compatible for Editor in 0.41 ms, found 1 plugins.
Preloading 0 native plugins for Editor in 0.00 ms.
Invoked RoslynAnalysisRunner static constructor.
RoslynAnalysisRunner will not be running.
RoslynAnalysisRunner has terminated.
Mono: successfully reloaded assembly
- Completed reload, in  0.826 seconds
Platform modules already initialized, skipping
Refreshing native plugins compatible for Editor in 0.44 ms, found 1 plugins.
Preloading 0 native plugins for Editor in 0.00 ms.
Unloading 2125 Unused Serialized files (Serialized files now loaded: 0)
System memory in use before: 96.5 MB.
System memory in use after: 96.5 MB.

Unloading 10 unused Assets to reduce memory usage. Loaded Objects now: 2598.
Total: 2.371800 ms (FindLiveObjects: 0.441800 ms CreateObjectMapping: 0.129200 ms MarkObjects: 1.684200 ms  DeleteObjects: 0.115600 ms)

========================================================================
Received Import Request.
  Time since last request: 292.580252 seconds.
  path: Assets/ScriptsGuardado/DatosGuardadoObjetos.cs
  artifactKey: Guid(ead5621a42238e44cae0db24be3077a7) Importer(815301076,1909f56bfc062723c751e8b465ee728b)
Start importing Assets/ScriptsGuardado/DatosGuardadoObjetos.cs using Guid(ead5621a42238e44cae0db24be3077a7) Importer(815301076,1909f56bfc062723c751e8b465ee728b)  -> (artifact id: '4976b4d4fa9a83f2a03b36ae4f2df593') in 0.004345 seconds
  Import took 0.016941 seconds .

========================================================================
Received Import Request.
  Time since last request: 9.394555 seconds.
  path: Assets/ScriptsGuardado/ObjetosGuardadoIO.cs
  artifactKey: Guid(1eda6dcdf5e931e499c0a79115558be3) Importer(815301076,1909f56bfc062723c751e8b465ee728b)
Start importing Assets/ScriptsGuardado/ObjetosGuardadoIO.cs using Guid(1eda6dcdf5e931e499c0a79115558be3) Importer(815301076,1909f56bfc062723c751e8b465ee728b)  -> (artifact id: '8dc45f94dab976e77c9703889101d1c2') in 0.004190 seconds
  Import took 0.025761 seconds .

========================================================================
Received Prepare
Registering precompiled user dll's ...
Registered in 0.001192 seconds.
Begin MonoManager ReloadAssembly
Native extension for WindowsStandalone target not found
Refreshing native plugins compatible for Editor in 0.90 ms, found 1 plugins.
Preloading 0 native plugins for Editor in 0.00 ms.
Invoked RoslynAnalysisRunner static constructor.
RoslynAnalysisRunner will not be running.
RoslynAnalysisRunner has terminated.
Mono: successfully reloaded assembly
- Completed reload, in  0.899 seconds
Platform modules already initialized, skipping
Refreshing native plugins compatible for Editor in 0.45 ms, found 1 plugins.
Preloading 0 native plugins for Editor in 0.00 ms.
Unloading 2126 Unused Serialized files (Serialized files now loaded: 0)
System memory in use before: 96.5 MB.
System memory in use after: 96.6 MB.

Unloading 10 unused Assets to reduce memory usage. Loaded Objects now: 2601.
Total: 2.556400 ms (FindLiveObjects: 0.268300 ms CreateObjectMapping: 0.112500 ms MarkObjects: 2.069300 ms  DeleteObjects: 0.104300 ms)

========================================================================
Received Prepare
Registering precompiled user dll's ...
Registered in 0.001159 seconds.
Begin MonoManager ReloadAssembly
Native extension for WindowsStandalone target not found
Refreshing native plugins compatible for Editor in 0.45 ms, found 1 plugins.
Preloading 0 native plugins for Editor in 0.00 ms.
Invoked RoslynAnalysisRunner static constructor.
RoslynAnalysisRunner will not be running.
RoslynAnalysisRunner has terminated.
Mono: successfully reloaded assembly
- Completed reload, in  0.811 seconds
Platform modules already initialized, skipping
Refreshing native plugins compatible for Editor in 0.53 ms, found 1 plugins.
Preloading 0 native plugins for Editor in 0.00 ms.
Unloading 2126 Unused Serialized files (Serialized files now loaded: 0)
System memory in use before: 96.5 MB.
System memory in use after: 96.6 MB.

Unloading 10 unused Assets to reduce memory usage. Loaded Objects now: 2603.
Total: 2.353500 ms (FindLiveObjects: 0.250600 ms CreateObjectMapping: 0.098700 ms MarkObjects: 1.911000 ms  DeleteObjects: 0.091900 ms)

========================================================================
Received Import Request.
  Time since last request: 348.308922 seconds.
  path: Assets/ScriptsGuardado/ObjetosGuardadoIO.cs
  artifactKey: Guid(1eda6dcdf5e931e499c0a79115558be3) Importer(815301076,1909f56bfc062723c751e8b465ee728b)
Start importing Assets/ScriptsGuardado/ObjetosGuardadoIO.cs using Guid(1eda6dcdf5e931e499c0a79115558be3) Importer(815301076,1909f56bfc062723c751e8b465ee728b)  -> (artifact id: 'ab7fe53110286d190ee84fbed22c8dcb') in 0.004164 seconds
  Import took 0.027471 seconds .

========================================================================
Received Import Request.
  Time since last request: 9.350756 seconds.
  path: Assets/ScriptsGuardado/GuardadoObjetosManager.cs
  artifactKey: Guid(00086170eaa49e447868284098befd67) Importer(815301076,1909f56bfc062723c751e8b465ee728b)
Start importing Assets/ScriptsGuardado/GuardadoObjetosManager.cs using Guid(00086170eaa49e447868284098befd67) Importer(815301076,1909f56bfc062723c751e8b465ee728b)  -> (artifact id: 'df1d185a447f95cf5a418592de71385f') in 0.003263 seconds
  Import took 0.022509 seconds .

========================================================================
Received Import Request.
  Time since last request: 0.000542 seconds.
  path: Assets/ScriptsGuardado/GuardadoObjetosManager.cs
  artifactKey: Guid(00086170eaa49e447868284098befd67) Importer(815301076,1909f56bfc062723c751e8b465ee728b)
Start importing Assets/ScriptsGuardado/GuardadoObjetosManager.cs using Guid(00086170eaa49e447868284098befd67) Importer(815301076,1909f56bfc062723c751e8b465ee728b)  -> (artifact id: 'df1d185a447f95cf5a418592de71385f') in 0.004034 seconds
  Import took 0.018890 seconds .

========================================================================
Received Prepare
Registering precompiled user dll's ...
Registered in 0.001264 seconds.
Begin MonoManager ReloadAssembly
Native extension for WindowsStandalone target not found
Refreshing native plugins compatible for Editor in 0.54 ms, found 1 plugins.
Preloading 0 native plugins for Editor in 0.00 ms.
Invoked RoslynAnalysisRunner static constructor.
RoslynAnalysisRunner will not be running.
RoslynAnalysisRunner has terminated.
Mono: successfully reloaded assembly
- Completed reload, in  0.918 seconds
Platform modules already initialized, skipping
Refreshing native plugins compatible for Editor in 0.41 ms, found 1 plugins.
Preloading 0 native plugins for Editor in 0.00 ms.
Unloading 2127 Unused Serialized files (Serialized files now loaded: 0)
System memory in use before: 96.6 MB.
System memory in use after: 96.6 MB.

Unloading 10 unused Assets to reduce memory usage. Loaded Objects now: 2606.
Total: 2.314900 ms (FindLiveObjects: 0.213800 ms CreateObjectMapping: 0.081600 ms MarkObjects: 1.907000 ms  DeleteObjects: 0.111200 ms)

========================================================================
Received Import Request.
  Time since last request: 766.784528 seconds.
  path: Assets/ScriptsGuardado/GuardadoObjetosManager.cs
  artifactKey: Guid(00086170eaa49e447868284098befd67) Importer(815301076,1909f56bfc062723c751e8b465ee728b)
Start importing Assets/ScriptsGuardado/GuardadoObjetosManager.cs using Guid(00086170eaa49e447868284098befd67) Importer(815301076,1909f56bfc062723c751e8b465ee728b)  -> (artifact id: '70032b44b43571cfff21397934cc5599') in 0.010599 seconds
  Import took 0.024636 seconds .

========================================================================
Received Import Request.
  Time since last request: 1105.741043 seconds.
  path: Assets/ScriptsGuardado/DatosGuardadoObjetos.cs
  artifactKey: Guid(ead5621a42238e44cae0db24be3077a7) Importer(815301076,1909f56bfc062723c751e8b465ee728b)
Start importing Assets/ScriptsGuardado/DatosGuardadoObjetos.cs using Guid(ead5621a42238e44cae0db24be3077a7) Importer(815301076,1909f56bfc062723c751e8b465ee728b)  -> (artifact id: '785a0aee88b3d488a20c004dc0f588e4') in 0.016098 seconds
  Import took 0.045819 seconds .

========================================================================
Received Import Request.
  Time since last request: 5680.207309 seconds.
  path: Assets/ScriptsGuardado/FileReadWrite.cs
  artifactKey: Guid(d7955cc2c46a81b40a8745d6c0db7693) Importer(815301076,1909f56bfc062723c751e8b465ee728b)
Start importing Assets/ScriptsGuardado/FileReadWrite.cs using Guid(d7955cc2c46a81b40a8745d6c0db7693) Importer(815301076,1909f56bfc062723c751e8b465ee728b)  -> (artifact id: '3b09ac55299b741374c23a4da57da82c') in 0.003338 seconds
  Import took 0.034735 seconds .

========================================================================
Received Prepare
Registering precompiled user dll's ...
Registered in 0.037903 seconds.
Begin MonoManager ReloadAssembly
Native extension for WindowsStandalone target not found
Refreshing native plugins compatible for Editor in 0.43 ms, found 1 plugins.
Preloading 0 native plugins for Editor in 0.00 ms.
Invoked RoslynAnalysisRunner static constructor.
RoslynAnalysisRunner will not be running.
RoslynAnalysisRunner has terminated.
Mono: successfully reloaded assembly
- Completed reload, in  1.254 seconds
Platform modules already initialized, skipping
Refreshing native plugins compatible for Editor in 0.44 ms, found 1 plugins.
Preloading 0 native plugins for Editor in 0.00 ms.
Unloading 2124 Unused Serialized files (Serialized files now loaded: 0)
System memory in use before: 96.5 MB.
System memory in use after: 96.5 MB.

Unloading 13 unused Assets to reduce memory usage. Loaded Objects now: 2605.
Total: 2.360500 ms (FindLiveObjects: 0.228200 ms CreateObjectMapping: 0.087900 ms MarkObjects: 1.856400 ms  DeleteObjects: 0.186900 ms)

========================================================================
Received Import Request.
  Time since last request: 18.710596 seconds.
  path: Assets/ScriptsGuardado/GuardadoObjetosManager.cs
  artifactKey: Guid(00086170eaa49e447868284098befd67) Importer(815301076,1909f56bfc062723c751e8b465ee728b)
Start importing Assets/ScriptsGuardado/GuardadoObjetosManager.cs using Guid(00086170eaa49e447868284098befd67) Importer(815301076,1909f56bfc062723c751e8b465ee728b)  -> (artifact id: '12009844eb90e2614127ae2756a15627') in 0.004830 seconds
  Import took 0.012095 seconds .

========================================================================
Received Prepare
Registering precompiled user dll's ...
Registered in 0.001242 seconds.
Begin MonoManager ReloadAssembly
Native extension for WindowsStandalone target not found
Refreshing native plugins compatible for Editor in 0.42 ms, found 1 plugins.
Preloading 0 native plugins for Editor in 0.00 ms.
Invoked RoslynAnalysisRunner static constructor.
RoslynAnalysisRunner will not be running.
RoslynAnalysisRunner has terminated.
Mono: successfully reloaded assembly
- Completed reload, in  0.828 seconds
Platform modules already initialized, skipping
Refreshing native plugins compatible for Editor in 0.45 ms, found 1 plugins.
Preloading 0 native plugins for Editor in 0.00 ms.
Unloading 2123 Unused Serialized files (Serialized files now loaded: 0)
System memory in use before: 96.5 MB.
System memory in use after: 96.5 MB.

Unloading 11 unused Assets to reduce memory usage. Loaded Objects now: 2606.
Total: 2.186000 ms (FindLiveObjects: 0.208600 ms CreateObjectMapping: 0.080900 ms MarkObjects: 1.811000 ms  DeleteObjects: 0.084200 ms)

========================================================================
Received Prepare
Registering precompiled user dll's ...
Registered in 0.001343 seconds.
Begin MonoManager ReloadAssembly
Native extension for WindowsStandalone target not found
Refreshing native plugins compatible for Editor in 0.41 ms, found 1 plugins.
Preloading 0 native plugins for Editor in 0.00 ms.
Invoked RoslynAnalysisRunner static constructor.
RoslynAnalysisRunner will not be running.
RoslynAnalysisRunner has terminated.
Mono: successfully reloaded assembly
- Completed reload, in  0.886 seconds
Platform modules already initialized, skipping
Refreshing native plugins compatible for Editor in 0.46 ms, found 1 plugins.
Preloading 0 native plugins for Editor in 0.00 ms.
Unloading 2123 Unused Serialized files (Serialized files now loaded: 0)
System memory in use before: 96.5 MB.
System memory in use after: 96.5 MB.

Unloading 10 unused Assets to reduce memory usage. Loaded Objects now: 2608.
Total: 2.262300 ms (FindLiveObjects: 0.294600 ms CreateObjectMapping: 0.117200 ms MarkObjects: 1.756800 ms  DeleteObjects: 0.092100 ms)

========================================================================
Received Prepare
Registering precompiled user dll's ...
Registered in 0.001333 seconds.
Begin MonoManager ReloadAssembly
Native extension for WindowsStandalone target not found
Refreshing native plugins compatible for Editor in 0.41 ms, found 1 plugins.
Preloading 0 native plugins for Editor in 0.00 ms.
Invoked RoslynAnalysisRunner static constructor.
RoslynAnalysisRunner will not be running.
RoslynAnalysisRunner has terminated.
Mono: successfully reloaded assembly
- Completed reload, in  0.826 seconds
Platform modules already initialized, skipping
Refreshing native plugins compatible for Editor in 0.42 ms, found 1 plugins.
Preloading 0 native plugins for Editor in 0.00 ms.
Unloading 2123 Unused Serialized files (Serialized files now loaded: 0)
System memory in use before: 96.5 MB.
System memory in use after: 96.5 MB.

Unloading 10 unused Assets to reduce memory usage. Loaded Objects now: 2610.
Total: 2.352900 ms (FindLiveObjects: 0.234600 ms CreateObjectMapping: 0.081400 ms MarkObjects: 1.912300 ms  DeleteObjects: 0.123100 ms)

