Using pre-set license
Built from '2020.2/release' branch; Version is '2020.2.4f1 (becced5a802b) revision 12504301'; Using compiler version '192528614'; Build Type 'Release'
OS: 'Windows 10 Home; OS build 19042.1237; Version 2009; 64bit' Language: 'en' Physical Memory: 8108 MB
BatchMode: 1, IsHumanControllingUs: 0, StartBugReporterOnCrash: 0, Is64bit: 1, IsPro: 0

 COMMAND LINE ARGUMENTS:
C:\Program Files\Unity\Hub\Editor\2020.2.4f1\Editor\Unity.exe
-adb2
-batchMode
-noUpm
-name
AssetImportWorker9
-projectPath
D:/Eleds/GitHub/PrototipoCombtxTurnos
-logFile
Logs/AssetImportWorker9.log
-srvPort
56209
Successfully changed project path to: D:/Eleds/GitHub/PrototipoCombtxTurnos
D:/Eleds/GitHub/PrototipoCombtxTurnos
Using Asset Import Pipeline V2.
Refreshing native plugins compatible for Editor in 41.77 ms, found 1 plugins.
Preloading 0 native plugins for Editor in 0.00 ms.
Initialize engine version: 2020.2.4f1 (becced5a802b)
[Subsystems] Discovering subsystems at path C:/Program Files/Unity/Hub/Editor/2020.2.4f1/Editor/Data/Resources/UnitySubsystems
[Subsystems] Discovering subsystems at path D:/Eleds/GitHub/PrototipoCombtxTurnos/Assets
GfxDevice: creating device client; threaded=0
Direct3D:
    Version:  Direct3D 11.0 [level 11.1]
    Renderer: NVIDIA GeForce GTX 1660 (ID=0x2184)
    Vendor:   
    VRAM:     5991 MB
    Driver:   27.21.14.5671
Initialize mono
Mono path[0] = 'C:/Program Files/Unity/Hub/Editor/2020.2.4f1/Editor/Data/Managed'
Mono path[1] = 'C:/Program Files/Unity/Hub/Editor/2020.2.4f1/Editor/Data/MonoBleedingEdge/lib/mono/unityjit'
Mono config path = 'C:/Program Files/Unity/Hub/Editor/2020.2.4f1/Editor/Data/MonoBleedingEdge/etc'
Using monoOptions --debugger-agent=transport=dt_socket,embedding=1,server=y,suspend=n,address=127.0.0.1:56352
Begin MonoManager ReloadAssembly
Registering precompiled unity dll's ...
Register platform support module: C:/Program Files/Unity/Hub/Editor/2020.2.4f1/Editor/Data/PlaybackEngines/WindowsStandaloneSupport/UnityEditor.WindowsStandalone.Extensions.dll
Registered in 0.003059 seconds.
Native extension for WindowsStandalone target not found
Refreshing native plugins compatible for Editor in 47.38 ms, found 1 plugins.
Preloading 0 native plugins for Editor in 0.00 ms.
Invoked RoslynAnalysisRunner static constructor.
RoslynAnalysisRunner will not be running.
RoslynAnalysisRunner has terminated.
Mono: successfully reloaded assembly
- Completed reload, in  1.444 seconds
Platform modules already initialized, skipping
Registering precompiled user dll's ...
Registered in 0.001874 seconds.
Begin MonoManager ReloadAssembly
Native extension for WindowsStandalone target not found
Refreshing native plugins compatible for Editor in 33.38 ms, found 1 plugins.
Preloading 0 native plugins for Editor in 0.00 ms.
Invoked RoslynAnalysisRunner static constructor.
RoslynAnalysisRunner will not be running.
RoslynAnalysisRunner has terminated.
Mono: successfully reloaded assembly
- Completed reload, in  1.815 seconds
Platform modules already initialized, skipping
========================================================================
Worker process is ready to serve import requests
Launched and connected shader compiler UnityShaderCompiler.exe after 0.13 seconds
Refreshing native plugins compatible for Editor in 0.33 ms, found 1 plugins.
Preloading 0 native plugins for Editor in 0.00 ms.
Unloading 1797 Unused Serialized files (Serialized files now loaded: 0)
System memory in use before: 84.5 MB.
System memory in use after: 84.4 MB.

Unloading 24 unused Assets to reduce memory usage. Loaded Objects now: 2238.
Total: 34.266700 ms (FindLiveObjects: 0.237600 ms CreateObjectMapping: 0.065500 ms MarkObjects: 13.996600 ms  DeleteObjects: 19.965000 ms)

========================================================================
Received Import Request.
  path: Assets/New Folder
  artifactKey: Guid(5abb2d8a8a951da4a912dbb770b00020) Importer(815301076,1909f56bfc062723c751e8b465ee728b)
Start importing Assets/New Folder using Guid(5abb2d8a8a951da4a912dbb770b00020) Importer(815301076,1909f56bfc062723c751e8b465ee728b)  -> (artifact id: '0d9707d40053d635e9c4a7f666311d23') in 0.054902 seconds
  Import took 0.106813 seconds .

========================================================================
Received Import Request.
  Time since last request: 188.713248 seconds.
  path: Assets/Sprites
  artifactKey: Guid(ff3a54abaaff2814cac4fca1bbeaf902) Importer(815301076,1909f56bfc062723c751e8b465ee728b)
Start importing Assets/Sprites using Guid(ff3a54abaaff2814cac4fca1bbeaf902) Importer(815301076,1909f56bfc062723c751e8b465ee728b)  -> (artifact id: 'fe66740f43877cc09bbecb5457571a9e') in 0.449264 seconds
  Import took 0.866916 seconds .

========================================================================
Received Import Request.
  Time since last request: 0.002354 seconds.
  path: Assets/Sprites/Gusaung Avistador.png
  artifactKey: Guid(3bcbf000422249d4ab593d4e7a1e8be2) Importer(815301076,1909f56bfc062723c751e8b465ee728b)
Start importing Assets/Sprites/Gusaung Avistador.png using Guid(3bcbf000422249d4ab593d4e7a1e8be2) Importer(815301076,1909f56bfc062723c751e8b465ee728b)  -> (artifact id: '5f0bf0176de6081e18c69ab86c591521') in 17.481902 seconds
  Import took 17.628328 seconds .

========================================================================
Received Import Request.
  Time since last request: 0.747552 seconds.
  path: Assets/Sprites/Gusaung Avistador.png
  artifactKey: Guid(3bcbf000422249d4ab593d4e7a1e8be2) Importer(815301076,1909f56bfc062723c751e8b465ee728b)
Start importing Assets/Sprites/Gusaung Avistador.png using Guid(3bcbf000422249d4ab593d4e7a1e8be2) Importer(815301076,1909f56bfc062723c751e8b465ee728b)  -> (artifact id: '5f0bf0176de6081e18c69ab86c591521') in 0.084070 seconds
  Import took 0.149355 seconds .

